20:32:10 **** Incremental Build of configuration Debug for project Mimisbrunnr ****
make -j4 all 
arm-none-eabi-gcc -o "Mimisbrunnr.elf" @"objects.list"   -mcpu=cortex-m4 -T"E:\CR\teza_licenta\_APP_\Mimisbrunnr\STM32F401RCTX_FLASH.ld" --specs=nosys.specs -Wl,-Map="Mimisbrunnr.map" -Wl,--gc-sections -static --data-sections --specs=nano.specs -mfpu=fpv4-sp-d16 -mfloat-abi=hard -mthumb -Wl,--start-group -lc -lm -Wl,--end-group
E:/trash_programs/ST/STM32CubeIDE_1.13.2/STM32CubeIDE/plugins/com.st.stm32cube.ide.mcu.externaltools.gnu-tools-for-stm32.11.3.rel1.win32_1.1.1.202309131626/tools/bin/../lib/gcc/arm-none-eabi/11.3.1/../../../../arm-none-eabi/bin/ld.exe: Mimisbrunnr.elf section `.text' will not fit in region `FLASH'
E:/trash_programs/ST/STM32CubeIDE_1.13.2/STM32CubeIDE/plugins/com.st.stm32cube.ide.mcu.externaltools.gnu-tools-for-stm32.11.3.rel1.win32_1.1.1.202309131626/tools/bin/../lib/gcc/arm-none-eabi/11.3.1/../../../../arm-none-eabi/bin/ld.exe: region `FLASH' overflowed by 48936 bytes
collect2.exe: error: ld returned 1 exit status
make: *** [makefile:191: Mimisbrunnr.elf] Error 1
"make -j4 all" terminated with exit code 2. Build might be incomplete.

20:32:31 Build Failed. 3 errors, 0 warnings. (took 20s.644ms)

